::1 - - [01/Mar/2018:11:13:22 -0500] "GET / HTTP/1.1" 200 3068
::1 - - [01/Mar/2018:11:13:30 -0500] "GET / HTTP/1.1" 200 3068
::1 - - [01/Mar/2018:11:13:34 -0500] "GET / HTTP/1.1" 200 3068
::1 - - [01/Mar/2018:11:16:42 -0500] "GET /about HTTP/1.1" 200 1858
::1 - - [01/Mar/2018:11:16:43 -0500] "GET /contact HTTP/1.1" 200 1860
::1 - - [01/Mar/2018:11:16:44 -0500] "GET /about HTTP/1.1" 200 1858
::1 - - [01/Mar/2018:11:16:44 -0500] "GET / HTTP/1.1" 200 3068
::1 - - [01/Mar/2018:11:16:45 -0500] "GET / HTTP/1.1" 200 3068
::1 - - [01/Mar/2018:11:16:45 -0500] "GET / HTTP/1.1" 200 3068
::1 - - [01/Mar/2018:11:16:46 -0500] "GET /about HTTP/1.1" 200 1858
::1 - - [01/Mar/2018:11:16:46 -0500] "GET /contact HTTP/1.1" 200 1860
::1 - - [01/Mar/2018:11:16:47 -0500] "GET / HTTP/1.1" 200 3068
::1 - - [01/Mar/2018:14:28:03 -0500] "GET / HTTP/1.1" 200 3068
::1 - - [01/Mar/2018:14:28:08 -0500] "GET /signin HTTP/1.1" 200 2394
::1 - - [01/Mar/2018:14:28:23 -0500] "GET /signin? HTTP/1.1" 200 2394
::1 - - [01/Mar/2018:14:28:58 -0500] "GET / HTTP/1.1" 200 3068
::1 - - [01/Mar/2018:14:28:59 -0500] "GET / HTTP/1.1" 200 3068
::1 - - [01/Mar/2018:14:29:00 -0500] "GET /about HTTP/1.1" 200 1858
::1 - - [01/Mar/2018:14:29:01 -0500] "GET /contact HTTP/1.1" 200 1860
::1 - - [01/Mar/2018:14:29:02 -0500] "GET /signin HTTP/1.1" 200 2394
::1 - - [01/Mar/2018:14:29:10 -0500] "GET /signin? HTTP/1.1" 200 2394
::1 - - [01/Mar/2018:14:29:22 -0500] "GET /signin? HTTP/1.1" 200 2394
::1 - - [01/Mar/2018:14:29:26 -0500] "GET / HTTP/1.1" 200 3068
::1 - - [01/Mar/2018:14:29:28 -0500] "GET / HTTP/1.1" 200 3068
::1 - - [01/Mar/2018:14:29:32 -0500] "GET /about HTTP/1.1" 200 1858
::1 - - [01/Mar/2018:14:29:34 -0500] "GET /contact HTTP/1.1" 200 1860
::1 - - [01/Mar/2018:14:29:36 -0500] "GET / HTTP/1.1" 200 3068
::1 - - [01/Mar/2018:14:35:38 -0500] "GET /signin HTTP/1.1" 200 2394
::1 - - [01/Mar/2018:14:36:42 -0500] "GET /signin? HTTP/1.1" 200 2394
::1 - - [01/Mar/2018:14:36:58 -0500] "GET /signin? HTTP/1.1" 200 2394
::1 - - [01/Mar/2018:14:38:05 -0500] "GET /signin? HTTP/1.1" 200 2394
::1 - - [01/Mar/2018:14:38:23 -0500] "GET /signin? HTTP/1.1" 200 2394
::1 - - [01/Mar/2018:14:38:58 -0500] "GET /signin HTTP/1.1" 200 2408
::1 - - [01/Mar/2018:14:40:06 -0500] "GET / HTTP/1.1" 200 3068
::1 - - [01/Mar/2018:14:40:10 -0500] "GET /signin HTTP/1.1" 200 2425
::1 - - [01/Mar/2018:14:40:32 -0500] "GET /signin HTTP/1.1" 200 2425
::1 - - [01/Mar/2018:14:40:41 -0500] "GET /signin HTTP/1.1" 200 2425
::1 - - [01/Mar/2018:14:41:09 -0500] "GET /signin HTTP/1.1" 200 2408
::1 - - [01/Mar/2018:14:44:25 -0500] "GET /signin HTTP/1.1" 200 2426
::1 - - [01/Mar/2018:14:45:26 -0500] "GET / HTTP/1.1" 200 3068
::1 - - [01/Mar/2018:14:45:37 -0500] "GET / HTTP/1.1" 200 3068
::1 - - [01/Mar/2018:14:47:57 -0500] "GET / HTTP/1.1" 200 3068
::1 - - [01/Mar/2018:14:48:02 -0500] "GET /signin HTTP/1.1" 200 2426
::1 - - [01/Mar/2018:14:48:18 -0500] "GET /signin HTTP/1.1" 200 2426
::1 - - [01/Mar/2018:14:49:22 -0500] "GET /signin HTTP/1.1" 200 2425
::1 - - [01/Mar/2018:14:49:28 -0500] "GET /signin HTTP/1.1" 200 2425
::1 - - [01/Mar/2018:14:49:32 -0500] "POST /signin HTTP/1.1" 302 0
::1 - - [01/Mar/2018:14:49:32 -0500] "GET / HTTP/1.1" 200 3068
::1 - - [01/Mar/2018:14:49:51 -0500] "GET /signin HTTP/1.1" 302 29
::1 - - [01/Mar/2018:14:49:51 -0500] "GET /about HTTP/1.1" 200 1858
::1 - - [01/Mar/2018:14:52:03 -0500] "GET / HTTP/1.1" 200 3068
::1 - - [01/Mar/2018:15:16:10 -0500] "GET / HTTP/1.1" 200 2072
::1 - - [01/Mar/2018:15:16:16 -0500] "GET /signin HTTP/1.1" 302 24
::1 - - [01/Mar/2018:15:16:16 -0500] "GET / HTTP/1.1" 200 2072
::1 - - [01/Mar/2018:15:16:18 -0500] "GET /signin HTTP/1.1" 302 24
::1 - - [01/Mar/2018:15:16:18 -0500] "GET / HTTP/1.1" 200 2072
::1 - - [01/Mar/2018:15:21:35 -0500] "GET / HTTP/1.1" 200 2072
::1 - - [01/Mar/2018:15:22:03 -0500] "GET / HTTP/1.1" 200 2072
::1 - - [01/Mar/2018:15:22:06 -0500] "GET /signin HTTP/1.1" 302 24
::1 - - [01/Mar/2018:15:22:06 -0500] "GET / HTTP/1.1" 200 2072
::1 - - [01/Mar/2018:15:22:08 -0500] "GET /signup HTTP/1.1" 200 2498
::1 - - [01/Mar/2018:15:22:10 -0500] "GET /about HTTP/1.1" 200 1858
::1 - - [01/Mar/2018:15:22:11 -0500] "GET /contact HTTP/1.1" 200 1860
::1 - - [01/Mar/2018:15:22:12 -0500] "GET / HTTP/1.1" 200 2072
::1 - - [01/Mar/2018:15:28:55 -0500] "GET / HTTP/1.1" 200 2072
::1 - - [01/Mar/2018:15:28:59 -0500] "GET /signin HTTP/1.1" 302 24
::1 - - [01/Mar/2018:15:28:59 -0500] "GET / HTTP/1.1" 200 2072
::1 - - [01/Mar/2018:15:29:26 -0500] "GET /signin HTTP/1.1" 200 2425
::1 - - [01/Mar/2018:15:29:29 -0500] "POST /signin HTTP/1.1" 302 0
::1 - - [01/Mar/2018:15:29:29 -0500] "GET / HTTP/1.1" 200 2077
::1 - - [01/Mar/2018:15:30:53 -0500] "GET /signin HTTP/1.1" 302 24
::1 - - [01/Mar/2018:15:37:10 -0500] "GET / HTTP/1.1" 302 30
::1 - - [01/Mar/2018:15:37:10 -0500] "GET /signin HTTP/1.1" 200 2425
::1 - - [01/Mar/2018:15:37:12 -0500] "POST /signin HTTP/1.1" 302 0
::1 - - [01/Mar/2018:15:37:12 -0500] "GET / HTTP/1.1" 200 2185
::1 - - [01/Mar/2018:15:49:37 -0500] "GET / HTTP/1.1" 302 30
::1 - - [01/Mar/2018:15:49:37 -0500] "GET /signin HTTP/1.1" 200 2425
::1 - - [01/Mar/2018:15:49:41 -0500] "POST /signin HTTP/1.1" 302 0
::1 - - [01/Mar/2018:15:49:41 -0500] "GET / HTTP/1.1" 200 2185
::1 - - [01/Mar/2018:15:49:52 -0500] "GET /signin HTTP/1.1" 302 24
::1 - - [01/Mar/2018:15:49:52 -0500] "GET / HTTP/1.1" 200 2185
::1 - - [01/Mar/2018:15:51:24 -0500] "GET / HTTP/1.1" 200 2185
::1 - - [01/Mar/2018:15:51:27 -0500] "GET / HTTP/1.1" 200 2185
::1 - - [01/Mar/2018:15:51:32 -0500] "GET /signin HTTP/1.1" 302 24
::1 - - [01/Mar/2018:15:51:32 -0500] "GET / HTTP/1.1" 200 2185
::1 - - [04/Mar/2018:22:07:50 -0500] "GET / HTTP/1.1" 200 2185
::1 - - [04/Mar/2018:22:09:24 -0500] "GET / HTTP/1.1" 200 5333
::1 - - [04/Mar/2018:22:09:27 -0500] "GET / HTTP/1.1" 200 5333
::1 - - [04/Mar/2018:22:10:53 -0500] "GET / HTTP/1.1" 200 5345
::1 - - [04/Mar/2018:22:14:27 -0500] "GET / HTTP/1.1" 200 2879
::1 - - [04/Mar/2018:22:17:00 -0500] "GET / HTTP/1.1" 200 2879
::1 - - [04/Mar/2018:22:17:28 -0500] "GET / HTTP/1.1" 200 2850
::1 - - [04/Mar/2018:22:17:48 -0500] "GET / HTTP/1.1" 302 29
::1 - - [04/Mar/2018:22:17:48 -0500] "GET /login HTTP/1.1" 200 3090
::1 - - [04/Mar/2018:22:20:49 -0500] "GET / HTTP/1.1" 302 29
::1 - - [04/Mar/2018:22:20:49 -0500] "GET /login HTTP/1.1" 200 3090
::1 - - [04/Mar/2018:22:24:51 -0500] "GET / HTTP/1.1" 302 29
::1 - - [04/Mar/2018:22:24:52 -0500] "GET /login HTTP/1.1" 200 3090
::1 - - [04/Mar/2018:22:26:11 -0500] "GET / HTTP/1.1" 302 29
::1 - - [04/Mar/2018:22:26:11 -0500] "GET /login HTTP/1.1" 200 3090
::1 - - [04/Mar/2018:22:26:29 -0500] "GET / HTTP/1.1" 302 29
::1 - - [04/Mar/2018:22:26:29 -0500] "GET /login HTTP/1.1" 200 3090
::1 - - [04/Mar/2018:22:28:24 -0500] "GET / HTTP/1.1" 302 29
::1 - - [04/Mar/2018:22:28:24 -0500] "GET /login HTTP/1.1" 200 3090
::1 - - [04/Mar/2018:22:29:17 -0500] "GET / HTTP/1.1" 302 29
::1 - - [04/Mar/2018:22:29:17 -0500] "GET /login HTTP/1.1" 200 3090
::1 - - [04/Mar/2018:22:33:33 -0500] "GET / HTTP/1.1" 302 29
::1 - - [04/Mar/2018:22:33:33 -0500] "GET /login HTTP/1.1" 200 3090
127.0.0.1 - - [04/Mar/2018:22:35:25 -0500] "GET / HTTP/1.1" 302 29
127.0.0.1 - - [04/Mar/2018:22:35:25 -0500] "GET /login HTTP/1.1" 200 3090
::1 - - [04/Mar/2018:22:36:31 -0500] "GET / HTTP/1.1" 302 29
::1 - - [04/Mar/2018:22:36:31 -0500] "GET /login HTTP/1.1" 200 3089
::1 - - [04/Mar/2018:22:36:35 -0500] "POST /login HTTP/1.1" 302 0
::1 - - [04/Mar/2018:22:36:35 -0500] "GET / HTTP/1.1" 200 2850
::1 - - [04/Mar/2018:22:43:43 -0500] "GET / HTTP/1.1" 200 34033
::1 - - [04/Mar/2018:22:55:59 -0500] "GET / HTTP/1.1" 200 3973
::1 - - [04/Mar/2018:22:57:59 -0500] "GET / HTTP/1.1" 200 4041
::1 - - [04/Mar/2018:23:00:34 -0500] "GET / HTTP/1.1" 200 4041
::1 - - [04/Mar/2018:23:41:14 -0500] "GET / HTTP/1.1" 200 2723
::1 - - [04/Mar/2018:23:41:28 -0500] "GET / HTTP/1.1" 200 2723
::1 - - [04/Mar/2018:23:42:59 -0500] "GET / HTTP/1.1" 200 2723
::1 - - [04/Mar/2018:23:43:05 -0500] "GET /form/add HTTP/1.1" 500 59
::1 - - [04/Mar/2018:23:46:23 -0500] "GET /form/add HTTP/1.1" 200 2531
::1 - - [04/Mar/2018:23:46:44 -0500] "GET /form/add HTTP/1.1" 200 2531
::1 - - [04/Mar/2018:23:47:47 -0500] "GET /facility/ HTTP/1.1" 500 2420
::1 - - [04/Mar/2018:23:49:52 -0500] "GET / HTTP/1.1" 200 2753
::1 - - [04/Mar/2018:23:50:03 -0500] "GET /form/add HTTP/1.1" 500 2369
::1 - - [04/Mar/2018:23:53:13 -0500] "GET /form/add HTTP/1.1" 500 2369
::1 - - [04/Mar/2018:23:53:32 -0500] "GET / HTTP/1.1" 200 2752
::1 - - [04/Mar/2018:23:53:38 -0500] "GET /facility HTTP/1.1" 500 2420
::1 - - [04/Mar/2018:23:54:34 -0500] "GET / HTTP/1.1" 200 2752
::1 - - [04/Mar/2018:23:54:40 -0500] "GET /facility HTTP/1.1" 500 2384
::1 - - [04/Mar/2018:23:54:47 -0500] "GET /facility HTTP/1.1" 500 2384
::1 - - [04/Mar/2018:23:57:00 -0500] "GET /facility HTTP/1.1" 500 2384
::1 - - [04/Mar/2018:23:58:51 -0500] "GET /user HTTP/1.1" 500 2384
::1 - - [04/Mar/2018:23:59:52 -0500] "GET / HTTP/1.1" 302 29
::1 - - [04/Mar/2018:23:59:52 -0500] "GET /login HTTP/1.1" 200 3087
::1 - - [04/Mar/2018:23:59:56 -0500] "POST /login HTTP/1.1" 302 0
::1 - - [04/Mar/2018:23:59:56 -0500] "GET / HTTP/1.1" 200 2752
::1 - - [04/Mar/2018:23:59:59 -0500] "GET /facility HTTP/1.1" 500 2384
::1 - - [05/Mar/2018:00:00:14 -0500] "GET /form/add HTTP/1.1" 200 2529
::1 - - [05/Mar/2018:00:06:39 -0500] "GET /form/add HTTP/1.1" 200 2529
::1 - - [05/Mar/2018:00:06:55 -0500] "GET / HTTP/1.1" 200 2752
::1 - - [05/Mar/2018:00:07:06 -0500] "GET /facility HTTP/1.1" 500 2392
::1 - - [05/Mar/2018:00:08:56 -0500] "GET /facility HTTP/1.1" 500 2392
::1 - - [05/Mar/2018:00:09:00 -0500] "GET / HTTP/1.1" 200 2748
::1 - - [05/Mar/2018:00:09:10 -0500] "GET / HTTP/1.1" 200 2748
::1 - - [05/Mar/2018:00:09:13 -0500] "GET /facility HTTP/1.1" 500 2392
::1 - - [05/Mar/2018:00:09:26 -0500] "GET /facility HTTP/1.1" 500 2392
::1 - - [05/Mar/2018:00:09:31 -0500] "GET / HTTP/1.1" 302 29
::1 - - [05/Mar/2018:00:09:31 -0500] "GET /login HTTP/1.1" 200 3087
::1 - - [05/Mar/2018:00:09:33 -0500] "POST /login HTTP/1.1" 302 0
::1 - - [05/Mar/2018:00:09:34 -0500] "GET / HTTP/1.1" 200 2785
::1 - - [05/Mar/2018:00:09:37 -0500] "GET /user HTTP/1.1" 500 2388
::1 - - [05/Mar/2018:00:14:34 -0500] "GET / HTTP/1.1" 200 2785
::1 - - [05/Mar/2018:00:14:37 -0500] "GET /user HTTP/1.1" 500 2388
::1 - - [05/Mar/2018:00:16:27 -0500] "GET /user HTTP/1.1" 200 3919
::1 - - [05/Mar/2018:00:17:08 -0500] "GET / HTTP/1.1" 200 2785
::1 - - [05/Mar/2018:00:17:12 -0500] "GET /facility HTTP/1.1" 200 2608
::1 - - [05/Mar/2018:00:17:21 -0500] "GET /form/add HTTP/1.1" 200 2533
::1 - - [05/Mar/2018:00:19:56 -0500] "GET /form/add HTTP/1.1" 200 2532
::1 - - [05/Mar/2018:00:19:59 -0500] "GET /form/add HTTP/1.1" 200 2532
::1 - - [05/Mar/2018:00:20:09 -0500] "GET /facility HTTP/1.1" 200 2608
::1 - - [05/Mar/2018:00:20:11 -0500] "GET /facility/add HTTP/1.1" 200 2533
::1 - - [05/Mar/2018:00:25:34 -0500] "GET /user HTTP/1.1" 200 3921
::1 - - [05/Mar/2018:00:25:36 -0500] "GET /user/add HTTP/1.1" 500 2421
::1 - - [05/Mar/2018:00:26:57 -0500] "GET /user/add HTTP/1.1" 200 2587
127.0.0.1 - - [05/Mar/2018:10:20:17 -0500] "GET / HTTP/1.1" 302 29
127.0.0.1 - - [05/Mar/2018:10:20:17 -0500] "GET /login HTTP/1.1" 200 3174
127.0.0.1 - - [05/Mar/2018:10:25:20 -0500] "GET /login HTTP/1.1" 200 3286
127.0.0.1 - - [05/Mar/2018:10:27:15 -0500] "GET /login HTTP/1.1" 200 3286
127.0.0.1 - - [05/Mar/2018:10:27:16 -0500] "GET /login HTTP/1.1" 200 3286
127.0.0.1 - - [05/Mar/2018:10:27:32 -0500] "GET /login HTTP/1.1" 200 3143
127.0.0.1 - - [05/Mar/2018:10:33:24 -0500] "GET /login HTTP/1.1" 200 2609
127.0.0.1 - - [05/Mar/2018:10:36:41 -0500] "GET /login HTTP/1.1" 200 2460
127.0.0.1 - - [05/Mar/2018:10:37:27 -0500] "GET /login HTTP/1.1" 200 2460
127.0.0.1 - - [05/Mar/2018:10:37:42 -0500] "GET /login HTTP/1.1" 200 2697
127.0.0.1 - - [05/Mar/2018:10:38:39 -0500] "GET /login HTTP/1.1" 200 2691
127.0.0.1 - - [05/Mar/2018:10:39:23 -0500] "GET /login HTTP/1.1" 200 2687
127.0.0.1 - - [05/Mar/2018:10:39:26 -0500] "GET /login HTTP/1.1" 200 2687
127.0.0.1 - - [05/Mar/2018:10:39:27 -0500] "GET /login HTTP/1.1" 200 2687
127.0.0.1 - - [05/Mar/2018:10:39:29 -0500] "GET /login HTTP/1.1" 200 2687
127.0.0.1 - - [05/Mar/2018:10:40:15 -0500] "GET /login HTTP/1.1" 200 2687
127.0.0.1 - - [05/Mar/2018:10:41:33 -0500] "GET /login HTTP/1.1" 200 2693
127.0.0.1 - - [05/Mar/2018:10:46:40 -0500] "GET /login HTTP/1.1" 200 2693
127.0.0.1 - - [05/Mar/2018:10:48:40 -0500] "GET /login HTTP/1.1" 200 2693
127.0.0.1 - - [05/Mar/2018:10:49:19 -0500] "GET /login HTTP/1.1" 200 2693
127.0.0.1 - - [05/Mar/2018:10:50:35 -0500] "GET /login HTTP/1.1" 200 2693
127.0.0.1 - - [05/Mar/2018:10:51:05 -0500] "GET /login HTTP/1.1" 200 2693
127.0.0.1 - - [05/Mar/2018:10:53:44 -0500] "GET /login HTTP/1.1" 200 27832
127.0.0.1 - - [05/Mar/2018:10:55:55 -0500] "GET /login HTTP/1.1" 200 27951
127.0.0.1 - - [05/Mar/2018:10:58:30 -0500] "GET /login HTTP/1.1" 200 27947
127.0.0.1 - - [05/Mar/2018:10:59:43 -0500] "GET /login HTTP/1.1" 200 27955
127.0.0.1 - - [05/Mar/2018:11:01:20 -0500] "GET /login HTTP/1.1" 200 27920
127.0.0.1 - - [05/Mar/2018:11:05:06 -0500] "GET /login HTTP/1.1" 200 27913
127.0.0.1 - - [05/Mar/2018:11:06:51 -0500] "GET /login HTTP/1.1" 200 27913
127.0.0.1 - - [05/Mar/2018:11:07:48 -0500] "GET /login HTTP/1.1" 200 27947
127.0.0.1 - - [05/Mar/2018:11:08:46 -0500] "GET /login HTTP/1.1" 200 27904
127.0.0.1 - - [05/Mar/2018:11:09:28 -0500] "GET /login HTTP/1.1" 200 27905
::1 - - [05/Mar/2018:13:03:50 -0500] "GET / HTTP/1.1" 200 20340
::1 - - [05/Mar/2018:13:04:09 -0500] "GET /form/add HTTP/1.1" 200 20087
::1 - - [05/Mar/2018:13:04:39 -0500] "GET /user HTTP/1.1" 200 21476
::1 - - [05/Mar/2018:13:05:04 -0500] "GET /user/add HTTP/1.1" 200 20142
::1 - - [05/Mar/2018:13:05:10 -0500] "GET /user/add HTTP/1.1" 200 20142
::1 - - [05/Mar/2018:13:05:17 -0500] "GET /facility HTTP/1.1" 200 20163
::1 - - [05/Mar/2018:13:05:21 -0500] "GET /facility/add HTTP/1.1" 200 20088
::1 - - [07/Mar/2018:15:01:49 -0500] "GET / HTTP/1.1" 302 29
::1 - - [07/Mar/2018:15:01:49 -0500] "GET /login HTTP/1.1" 200 20594
::1 - - [07/Mar/2018:15:02:01 -0500] "POST /login HTTP/1.1" 302 0
::1 - - [07/Mar/2018:15:02:01 -0500] "GET / HTTP/1.1" 200 20338
::1 - - [07/Mar/2018:15:02:04 -0500] "GET /facility HTTP/1.1" 200 21570
::1 - - [07/Mar/2018:15:04:31 -0500] "GET /facility HTTP/1.1" 200 22361
::1 - - [07/Mar/2018:22:14:55 -0500] "GET / HTTP/1.1" 200 20338
::1 - - [07/Mar/2018:22:14:59 -0500] "GET /user HTTP/1.1" 200 21474
::1 - - [07/Mar/2018:22:15:03 -0500] "GET /user/add HTTP/1.1" 200 21456
::1 - - [07/Mar/2018:22:39:57 -0500] "GET / HTTP/1.1" 200 20338
::1 - - [07/Mar/2018:22:40:00 -0500] "GET /user HTTP/1.1" 200 21474
::1 - - [07/Mar/2018:22:40:02 -0500] "GET /user/add HTTP/1.1" 200 21594
::1 - - [07/Mar/2018:22:42:32 -0500] "GET /user/add HTTP/1.1" 200 21594
::1 - - [07/Mar/2018:22:43:21 -0500] "GET /user/add HTTP/1.1" 200 21594
::1 - - [07/Mar/2018:22:43:26 -0500] "GET /user/add HTTP/1.1" 200 21594
::1 - - [07/Mar/2018:22:43:59 -0500] "GET / HTTP/1.1" 200 20338
::1 - - [07/Mar/2018:22:44:01 -0500] "GET /user HTTP/1.1" 200 21474
::1 - - [07/Mar/2018:22:44:03 -0500] "GET /user/add HTTP/1.1" 200 21594
::1 - - [07/Mar/2018:22:45:24 -0500] "GET /user/add HTTP/1.1" 200 21594
::1 - - [07/Mar/2018:22:48:50 -0500] "GET / HTTP/1.1" 200 20338
::1 - - [07/Mar/2018:22:48:52 -0500] "GET /user HTTP/1.1" 200 21474
::1 - - [07/Mar/2018:22:48:54 -0500] "GET /user/add HTTP/1.1" 200 21669
::1 - - [07/Mar/2018:22:51:54 -0500] "GET /user/add HTTP/1.1" 200 21728
::1 - - [07/Mar/2018:22:52:56 -0500] "GET /user/add HTTP/1.1" 200 21742
::1 - - [07/Mar/2018:22:55:13 -0500] "GET / HTTP/1.1" 200 20338
::1 - - [07/Mar/2018:22:55:16 -0500] "GET /user HTTP/1.1" 200 21474
::1 - - [07/Mar/2018:22:55:17 -0500] "GET /user/add HTTP/1.1" 200 21796
127.0.0.1 - - [07/Mar/2018:22:55:42 -0500] "GET /user/add HTTP/1.1" 200 21796
127.0.0.1 - - [07/Mar/2018:22:56:07 -0500] "GET /user/add HTTP/1.1" 200 21796
127.0.0.1 - - [07/Mar/2018:22:56:43 -0500] "GET /user/add HTTP/1.1" 200 21796
::1 - - [07/Mar/2018:22:57:51 -0500] "GET /user/add HTTP/1.1" 200 21782
::1 - - [07/Mar/2018:22:59:44 -0500] "GET /user/add HTTP/1.1" 200 21836
::1 - - [07/Mar/2018:23:02:10 -0500] "GET /user/add HTTP/1.1" 200 22076
::1 - - [07/Mar/2018:23:03:17 -0500] "GET /user/add HTTP/1.1" 200 22079
::1 - - [07/Mar/2018:23:23:34 -0500] "GET /user/add HTTP/1.1" 200 22310
127.0.0.1 - - [07/Mar/2018:23:24:05 -0500] "GET /user/add HTTP/1.1" 200 22310
::1 - - [07/Mar/2018:23:27:47 -0500] "GET /user/add HTTP/1.1" 200 22320
127.0.0.1 - - [07/Mar/2018:23:28:57 -0500] "GET /user/add HTTP/1.1" 200 22332
127.0.0.1 - - [07/Mar/2018:23:29:23 -0500] "GET /user HTTP/1.1" 200 21491
::1 - - [07/Mar/2018:23:30:27 -0500] "GET /user/add HTTP/1.1" 200 22332
::1 - - [07/Mar/2018:23:30:30 -0500] "GET /user/add HTTP/1.1" 200 22332
::1 - - [07/Mar/2018:23:31:55 -0500] "GET /user/add HTTP/1.1" 200 22332
::1 - - [07/Mar/2018:23:32:30 -0500] "GET /user/add HTTP/1.1" 200 22332
::1 - - [07/Mar/2018:23:32:32 -0500] "GET /user/add HTTP/1.1" 200 22332
::1 - - [07/Mar/2018:23:32:35 -0500] "GET /user/add HTTP/1.1" 200 22332
::1 - - [07/Mar/2018:23:32:55 -0500] "GET / HTTP/1.1" 200 20350
::1 - - [07/Mar/2018:23:33:04 -0500] "GET /user HTTP/1.1" 200 21488
::1 - - [07/Mar/2018:23:35:03 -0500] "GET /form/add HTTP/1.1" 200 29603
::1 - - [07/Mar/2018:23:44:45 -0500] "GET / HTTP/1.1" 200 20352
::1 - - [07/Mar/2018:23:44:47 -0500] "GET /facility HTTP/1.1" 200 22373
::1 - - [07/Mar/2018:23:44:54 -0500] "GET /form/add HTTP/1.1" 200 30046
::1 - - [07/Mar/2018:23:47:24 -0500] "GET /form/add HTTP/1.1" 200 29469
::1 - - [07/Mar/2018:23:53:42 -0500] "GET /form/add HTTP/1.1" 200 29038
::1 - - [07/Mar/2018:23:53:46 -0500] "GET /form/add HTTP/1.1" 200 29038
::1 - - [07/Mar/2018:23:58:42 -0500] "GET /form/add HTTP/1.1" 200 28102
::1 - - [08/Mar/2018:00:00:03 -0500] "GET /form/add HTTP/1.1" 200 28102
::1 - - [08/Mar/2018:00:00:23 -0500] "GET /form/add HTTP/1.1" 200 28132
::1 - - [08/Mar/2018:00:00:28 -0500] "GET /form/add HTTP/1.1" 200 28132
::1 - - [08/Mar/2018:08:17:18 -0500] "GET /user/add HTTP/1.1" 200 23974
::1 - - [08/Mar/2018:08:42:26 -0500] "GET /user/add HTTP/1.1" 200 25495
::1 - - [08/Mar/2018:08:44:15 -0500] "GET /user/add HTTP/1.1" 200 23736
::1 - - [08/Mar/2018:08:46:39 -0500] "GET /user/add HTTP/1.1" 200 23735
::1 - - [08/Mar/2018:08:46:43 -0500] "GET /user/add HTTP/1.1" 200 23735
::1 - - [08/Mar/2018:08:46:44 -0500] "GET /user/add HTTP/1.1" 200 23735
::1 - - [08/Mar/2018:08:49:07 -0500] "GET /user/add HTTP/1.1" 200 23735
::1 - - [08/Mar/2018:08:49:31 -0500] "GET /user/add HTTP/1.1" 200 23642
::1 - - [08/Mar/2018:09:01:59 -0500] "GET / HTTP/1.1" 200 20358
::1 - - [08/Mar/2018:09:02:33 -0500] "GET / HTTP/1.1" 302 29
::1 - - [08/Mar/2018:09:02:33 -0500] "GET /login HTTP/1.1" 200 20832
::1 - - [08/Mar/2018:09:03:31 -0500] "GET /login HTTP/1.1" 200 21080
::1 - - [08/Mar/2018:09:03:42 -0500] "POST /login HTTP/1.1" 302 0
::1 - - [08/Mar/2018:09:03:42 -0500] "GET / HTTP/1.1" 200 20358
::1 - - [08/Mar/2018:09:04:11 -0500] "GET /user HTTP/1.1" 200 21494
::1 - - [08/Mar/2018:09:04:16 -0500] "GET /user/add HTTP/1.1" 200 23645
::1 - - [08/Mar/2018:09:07:34 -0500] "GET /user HTTP/1.1" 200 21501
::1 - - [08/Mar/2018:09:07:41 -0500] "GET /user/add HTTP/1.1" 200 23644
::1 - - [08/Mar/2018:09:15:13 -0500] "GET /user/add HTTP/1.1" 200 23644
::1 - - [08/Mar/2018:09:15:43 -0500] "GET /facility HTTP/1.1" 200 22391
::1 - - [08/Mar/2018:09:17:13 -0500] "GET /facility/add HTTP/1.1" 200 20103
::1 - - [08/Mar/2018:09:23:08 -0500] "GET /facility/add HTTP/1.1" 200 21193
::1 - - [08/Mar/2018:09:29:56 -0500] "GET /facility/add HTTP/1.1" 200 21602
::1 - - [08/Mar/2018:09:33:45 -0500] "GET /facility HTTP/1.1" 200 22461
::1 - - [08/Mar/2018:09:37:20 -0500] "GET /facility HTTP/1.1" 200 23480
::1 - - [08/Mar/2018:09:37:57 -0500] "GET /facility HTTP/1.1" 200 23463
::1 - - [08/Mar/2018:09:37:59 -0500] "GET /facility HTTP/1.1" 200 23463
::1 - - [08/Mar/2018:09:38:00 -0500] "GET /facility HTTP/1.1" 200 23463
::1 - - [08/Mar/2018:09:39:31 -0500] "GET /facility HTTP/1.1" 200 23481
::1 - - [08/Mar/2018:09:41:23 -0500] "GET /facility HTTP/1.1" 200 23751
::1 - - [08/Mar/2018:09:43:35 -0500] "GET /facility/add HTTP/1.1" 200 21835
::1 - - [08/Mar/2018:09:47:09 -0500] "GET /facility/add HTTP/1.1" 200 22025
::1 - - [08/Mar/2018:09:48:53 -0500] "GET /form/add HTTP/1.1" 200 28147
::1 - - [08/Mar/2018:10:14:02 -0500] "GET / HTTP/1.1" 200 22274
::1 - - [08/Mar/2018:10:16:07 -0500] "GET /form/add HTTP/1.1" 200 28147
::1 - - [08/Mar/2018:10:39:38 -0500] "GET /form/add HTTP/1.1" 200 34763
::1 - - [08/Mar/2018:10:47:45 -0500] "GET /form/add HTTP/1.1" 200 37669
::1 - - [08/Mar/2018:10:56:09 -0500] "GET /form/add HTTP/1.1" 200 37448
::1 - - [08/Mar/2018:10:58:09 -0500] "GET /form/add HTTP/1.1" 200 37439
::1 - - [08/Mar/2018:11:08:00 -0500] "GET /form/add HTTP/1.1" 200 34569
::1 - - [08/Mar/2018:11:11:40 -0500] "GET /form/add HTTP/1.1" 200 34604
::1 - - [08/Mar/2018:11:19:31 -0500] "GET /form/add HTTP/1.1" 200 34658
::1 - - [08/Mar/2018:11:21:18 -0500] "GET /form/add HTTP/1.1" 200 34656
::1 - - [08/Mar/2018:11:21:26 -0500] "GET /form/add HTTP/1.1" 200 34656
::1 - - [08/Mar/2018:11:22:55 -0500] "GET /form/add HTTP/1.1" 200 34960
::1 - - [08/Mar/2018:12:24:45 -0500] "GET /form/add HTTP/1.1" 200 34644
::1 - - [08/Mar/2018:12:26:06 -0500] "GET /form/add HTTP/1.1" 200 34577
::1 - - [08/Mar/2018:12:30:10 -0500] "GET /form/add HTTP/1.1" 200 34756
::1 - - [08/Mar/2018:12:47:39 -0500] "GET /form/add HTTP/1.1" 200 34848
::1 - - [08/Mar/2018:12:57:35 -0500] "GET /form/add HTTP/1.1" 200 35070
::1 - - [08/Mar/2018:12:59:46 -0500] "GET /form/add HTTP/1.1" 200 35833
::1 - - [08/Mar/2018:13:04:09 -0500] "GET /form/add HTTP/1.1" 200 35903
::1 - - [08/Mar/2018:13:04:45 -0500] "GET /form/add HTTP/1.1" 200 37736
::1 - - [08/Mar/2018:13:10:40 -0500] "GET /form/add HTTP/1.1" 200 36690
::1 - - [08/Mar/2018:13:12:54 -0500] "GET /form/add HTTP/1.1" 200 35306
::1 - - [08/Mar/2018:13:15:21 -0500] "GET /form/add HTTP/1.1" 200 35500
::1 - - [08/Mar/2018:13:17:07 -0500] "GET /form/add HTTP/1.1" 200 35808
::1 - - [08/Mar/2018:13:19:25 -0500] "GET /form/add HTTP/1.1" 200 35873
::1 - - [08/Mar/2018:13:23:25 -0500] "GET /form/add HTTP/1.1" 200 35873
::1 - - [08/Mar/2018:13:24:27 -0500] "GET /form/add HTTP/1.1" 200 35873
::1 - - [08/Mar/2018:13:24:47 -0500] "GET /form/add HTTP/1.1" 200 35972
::1 - - [08/Mar/2018:13:27:14 -0500] "GET /form/add HTTP/1.1" 200 35831
::1 - - [08/Mar/2018:13:27:40 -0500] "GET /form/add HTTP/1.1" 200 35831
::1 - - [08/Mar/2018:13:28:13 -0500] "GET /form/add HTTP/1.1" 200 35834
::1 - - [08/Mar/2018:13:32:28 -0500] "GET /form/add HTTP/1.1" 200 35912
::1 - - [08/Mar/2018:13:32:37 -0500] "GET /form/add HTTP/1.1" 200 35912
::1 - - [08/Mar/2018:13:32:38 -0500] "GET /form/add HTTP/1.1" 200 35912
::1 - - [08/Mar/2018:13:32:39 -0500] "GET /form/add HTTP/1.1" 200 35912
::1 - - [08/Mar/2018:13:34:45 -0500] "GET /form/add HTTP/1.1" 200 35848
::1 - - [08/Mar/2018:13:34:49 -0500] "GET /form/add HTTP/1.1" 200 35848
::1 - - [08/Mar/2018:13:45:00 -0500] "GET /form/add HTTP/1.1" 200 35848
::1 - - [08/Mar/2018:13:46:26 -0500] "GET /form/add HTTP/1.1" 200 35848
::1 - - [08/Mar/2018:13:47:01 -0500] "GET /form/add HTTP/1.1" 200 35848
::1 - - [08/Mar/2018:13:47:59 -0500] "GET /form/add HTTP/1.1" 200 35848
::1 - - [08/Mar/2018:13:49:17 -0500] "GET /form/add HTTP/1.1" 200 35848
::1 - - [08/Mar/2018:13:51:39 -0500] "GET / HTTP/1.1" 200 22281
::1 - - [08/Mar/2018:13:53:38 -0500] "GET / HTTP/1.1" 200 22494
::1 - - [08/Mar/2018:13:53:43 -0500] "GET /user HTTP/1.1" 500 1981
::1 - - [08/Mar/2018:13:54:08 -0500] "GET /user HTTP/1.1" 500 1981
::1 - - [08/Mar/2018:13:54:21 -0500] "GET /user HTTP/1.1" 500 1981
::1 - - [08/Mar/2018:13:55:02 -0500] "GET /user HTTP/1.1" 200 21655
::1 - - [08/Mar/2018:13:55:08 -0500] "GET /user/add HTTP/1.1" 200 23833
::1 - - [08/Mar/2018:13:55:31 -0500] "GET /facility HTTP/1.1" 200 23860
::1 - - [08/Mar/2018:13:55:35 -0500] "GET /facility/add HTTP/1.1" 200 22130
::1 - - [08/Mar/2018:13:57:19 -0500] "GET /facility/add HTTP/1.1" 200 22174
::1 - - [08/Mar/2018:13:57:25 -0500] "GET /user HTTP/1.1" 200 21699
::1 - - [08/Mar/2018:13:57:27 -0500] "GET /user/add HTTP/1.1" 200 23877
::1 - - [08/Mar/2018:14:00:56 -0500] "GET /user/add HTTP/1.1" 200 23877
::1 - - [08/Mar/2018:14:03:39 -0500] "GET /user/add HTTP/1.1" 200 23992
::1 - - [08/Mar/2018:14:03:53 -0500] "GET /user/edit HTTP/1.1" 200 24015
::1 - - [08/Mar/2018:14:04:53 -0500] "GET /user/edit HTTP/1.1" 200 24015
::1 - - [08/Mar/2018:14:04:55 -0500] "GET /facility HTTP/1.1" 200 23904
::1 - - [08/Mar/2018:14:05:00 -0500] "GET /user HTTP/1.1" 200 21699
::1 - - [08/Mar/2018:14:05:56 -0500] "GET /user HTTP/1.1" 200 21753
::1 - - [08/Mar/2018:14:05:59 -0500] "GET /user HTTP/1.1" 200 21753
::1 - - [08/Mar/2018:14:06:01 -0500] "GET /user/edit HTTP/1.1" 200 24017
::1 - - [08/Mar/2018:14:06:05 -0500] "GET /user/add HTTP/1.1" 200 23992
::1 - - [08/Mar/2018:14:06:20 -0500] "GET /user/edit HTTP/1.1" 200 24017
::1 - - [08/Mar/2018:14:07:16 -0500] "GET /user/edit HTTP/1.1" 200 24017
::1 - - [08/Mar/2018:14:09:07 -0500] "GET /form/add HTTP/1.1" 200 35991
::1 - - [08/Mar/2018:14:09:09 -0500] "GET / HTTP/1.1" 200 22422
::1 - - [08/Mar/2018:14:09:20 -0500] "GET /login HTTP/1.1" 302 24
::1 - - [08/Mar/2018:14:09:20 -0500] "GET / HTTP/1.1" 200 22422
::1 - - [08/Mar/2018:14:09:34 -0500] "GET /form/add HTTP/1.1" 200 35991
::1 - - [08/Mar/2018:14:10:38 -0500] "GET / HTTP/1.1" 200 24219
::1 - - [08/Mar/2018:14:12:11 -0500] "GET / HTTP/1.1" 200 24168
::1 - - [08/Mar/2018:14:13:27 -0500] "GET / HTTP/1.1" 200 24013
::1 - - [08/Mar/2018:14:15:06 -0500] "GET / HTTP/1.1" 200 24069
::1 - - [08/Mar/2018:14:16:43 -0500] "GET /facility HTTP/1.1" 200 25459
::1 - - [08/Mar/2018:14:16:50 -0500] "GET /facility/add HTTP/1.1" 200 23735
::1 - - [08/Mar/2018:14:16:56 -0500] "GET /user HTTP/1.1" 200 23308
::1 - - [08/Mar/2018:14:16:59 -0500] "GET /user/add HTTP/1.1" 200 25548
::1 - - [08/Mar/2018:14:19:50 -0500] "GET /user/add HTTP/1.1" 200 25548
::1 - - [08/Mar/2018:14:21:25 -0500] "GET /user/add HTTP/1.1" 200 25548
::1 - - [08/Mar/2018:14:29:31 -0500] "GET /user/add HTTP/1.1" 200 25548
::1 - - [08/Mar/2018:14:29:35 -0500] "GET /login HTTP/1.1" 302 24
::1 - - [08/Mar/2018:14:29:35 -0500] "GET / HTTP/1.1" 200 24069
::1 - - [08/Mar/2018:14:31:14 -0500] "GET / HTTP/1.1" 200 24069
::1 - - [08/Mar/2018:14:33:42 -0500] "GET / HTTP/1.1" 200 24069
::1 - - [08/Mar/2018:14:33:46 -0500] "GET /form/add HTTP/1.1" 200 37638
::1 - - [08/Mar/2018:14:41:07 -0500] "GET /form/add HTTP/1.1" 200 37585
::1 - - [08/Mar/2018:14:42:14 -0500] "GET /form/add HTTP/1.1" 200 37581
::1 - - [08/Mar/2018:14:44:16 -0500] "GET /form/add HTTP/1.1" 200 37591
::1 - - [08/Mar/2018:14:48:31 -0500] "GET /form/add HTTP/1.1" 200 37758
::1 - - [08/Mar/2018:14:48:53 -0500] "GET /form/add HTTP/1.1" 200 37758
::1 - - [08/Mar/2018:14:49:12 -0500] "GET / HTTP/1.1" 200 24185
::1 - - [08/Mar/2018:14:49:20 -0500] "GET /facility HTTP/1.1" 200 25575
::1 - - [08/Mar/2018:14:51:15 -0500] "GET /form HTTP/1.1" 200 24185
::1 - - [08/Mar/2018:14:51:17 -0500] "GET /facility HTTP/1.1" 200 25575
::1 - - [08/Mar/2018:14:51:19 -0500] "GET /facility/add HTTP/1.1" 200 23856
::1 - - [08/Mar/2018:14:51:22 -0500] "GET /form HTTP/1.1" 200 24185
::1 - - [08/Mar/2018:14:51:23 -0500] "GET /facility HTTP/1.1" 200 25575
10.140.145.64 - - [09/Mar/2018:15:34:10 -0500] "GET / HTTP/1.1" 302 29
10.140.145.64 - - [09/Mar/2018:15:34:10 -0500] "GET /login HTTP/1.1" 200 22992
10.140.145.64 - - [09/Mar/2018:15:34:19 -0500] "GET /form HTTP/1.1" 302 29
10.140.145.64 - - [09/Mar/2018:15:34:19 -0500] "GET /login HTTP/1.1" 200 22992
10.140.145.64 - - [09/Mar/2018:15:34:24 -0500] "GET /form HTTP/1.1" 302 29
10.140.145.64 - - [09/Mar/2018:15:34:24 -0500] "GET /login HTTP/1.1" 200 22992
10.140.145.64 - - [09/Mar/2018:15:34:31 -0500] "POST /login HTTP/1.1" 302 0
10.140.145.64 - - [09/Mar/2018:15:34:31 -0500] "GET / HTTP/1.1" 200 24194
10.140.145.64 - - [09/Mar/2018:15:34:37 -0500] "GET /form/add HTTP/1.1" 200 37767
10.140.145.64 - - [09/Mar/2018:15:34:41 -0500] "GET /facility HTTP/1.1" 200 25584
10.140.144.52 - - [09/Mar/2018:15:35:34 -0500] "GET / HTTP/1.1" 302 29
10.140.144.52 - - [09/Mar/2018:15:35:34 -0500] "GET /login HTTP/1.1" 200 22992
10.140.144.52 - - [09/Mar/2018:15:35:59 -0500] "GET /login HTTP/1.1" 200 22992
10.140.144.52 - - [09/Mar/2018:15:36:36 -0500] "GET /user HTTP/1.1" 200 23433
10.140.144.52 - - [09/Mar/2018:15:36:49 -0500] "GET /user/add HTTP/1.1" 200 25678
10.140.145.64 - - [09/Mar/2018:15:37:25 -0500] "GET / HTTP/1.1" 200 24194
127.0.0.1 - - [09/Mar/2018:15:37:51 -0500] "GET / HTTP/1.1" 302 29
127.0.0.1 - - [09/Mar/2018:15:37:51 -0500] "GET /login HTTP/1.1" 200 22992
127.0.0.1 - - [09/Mar/2018:15:37:56 -0500] "POST /login HTTP/1.1" 302 0
127.0.0.1 - - [09/Mar/2018:15:37:56 -0500] "GET / HTTP/1.1" 200 24194
127.0.0.1 - - [09/Mar/2018:15:37:59 -0500] "GET /form/add HTTP/1.1" 200 37767
127.0.0.1 - - [09/Mar/2018:15:38:11 -0500] "GET /form HTTP/1.1" 200 24194
127.0.0.1 - - [09/Mar/2018:15:38:12 -0500] "GET /facility HTTP/1.1" 200 25584
10.140.144.52 - - [09/Mar/2018:15:39:40 -0500] "GET / HTTP/1.1" 302 29
10.140.144.52 - - [09/Mar/2018:15:39:40 -0500] "GET /login HTTP/1.1" 200 22992
127.0.0.1 - - [09/Mar/2018:15:39:50 -0500] "GET /form HTTP/1.1" 200 24194
127.0.0.1 - - [09/Mar/2018:15:39:51 -0500] "GET /form/add HTTP/1.1" 200 37767
10.140.144.52 - - [09/Mar/2018:15:39:54 -0500] "GET /form HTTP/1.1" 302 29
10.140.144.52 - - [09/Mar/2018:15:39:54 -0500] "GET /login HTTP/1.1" 200 22992
10.140.144.52 - - [09/Mar/2018:15:39:56 -0500] "GET /facility HTTP/1.1" 200 25584
10.140.144.52 - - [09/Mar/2018:15:40:32 -0500] "GET /login HTTP/1.1" 200 22992
127.0.0.1 - - [09/Mar/2018:15:41:59 -0500] "GET /form HTTP/1.1" 200 24194
127.0.0.1 - - [09/Mar/2018:15:42:02 -0500] "GET /facility HTTP/1.1" 200 25584
127.0.0.1 - - [09/Mar/2018:15:42:04 -0500] "GET /facility/add HTTP/1.1" 200 23865
10.140.144.52 - - [09/Mar/2018:15:42:36 -0500] "GET /user HTTP/1.1" 200 23433
10.140.144.52 - - [09/Mar/2018:15:44:25 -0500] "GET /user/add HTTP/1.1" 200 25678
::1 - - [09/Mar/2018:16:15:02 -0500] "GET /facility HTTP/1.1" 200 25584
::1 - - [09/Mar/2018:16:15:28 -0500] "GET /facility HTTP/1.1" 200 25584
::1 - - [09/Mar/2018:16:15:42 -0500] "GET /facility HTTP/1.1" 200 25584
::1 - - [09/Mar/2018:16:16:09 -0500] "GET /facility HTTP/1.1" 200 25584
127.0.0.1 - - [09/Mar/2018:16:17:07 -0500] "GET /login HTTP/1.1" 302 24
127.0.0.1 - - [09/Mar/2018:16:17:07 -0500] "GET / HTTP/1.1" 200 24194
10.140.144.52 - - [09/Mar/2018:16:17:15 -0500] "GET /user/add HTTP/1.1" 200 25678
10.140.144.52 - - [09/Mar/2018:16:17:20 -0500] "GET /user/add HTTP/1.1" 200 25678
10.140.144.52 - - [09/Mar/2018:16:17:32 -0500] "GET /login HTTP/1.1" 200 22992
::1 - - [11/Mar/2018:22:46:59 -0400] "GET / HTTP/1.1" 200 24357
::1 - - [11/Mar/2018:22:55:23 -0400] "GET /form/add HTTP/1.1" 200 37930
::1 - - [11/Mar/2018:23:34:18 -0400] "GET /form/add HTTP/1.1" 200 37924
::1 - - [11/Mar/2018:23:36:00 -0400] "GET /form/add HTTP/1.1" 200 37924
::1 - - [11/Mar/2018:23:36:26 -0400] "GET / HTTP/1.1" 200 24351
::1 - - [15/Mar/2018:10:34:00 -0400] "GET / HTTP/1.1" 302 29
::1 - - [15/Mar/2018:10:34:00 -0400] "GET /login HTTP/1.1" 200 23149
::1 - - [15/Mar/2018:10:34:10 -0400] "POST /login HTTP/1.1" 302 0
::1 - - [15/Mar/2018:10:34:10 -0400] "GET / HTTP/1.1" 200 24351
::1 - - [15/Mar/2018:10:34:13 -0400] "GET /form/add HTTP/1.1" 200 37924
::1 - - [15/Mar/2018:10:34:56 -0400] "GET /form HTTP/1.1" 200 24351
::1 - - [15/Mar/2018:10:34:58 -0400] "GET /user HTTP/1.1" 200 23590
::1 - - [15/Mar/2018:10:35:07 -0400] "GET /user/edit HTTP/1.1" 200 25851
::1 - - [15/Mar/2018:10:35:17 -0400] "GET /facility HTTP/1.1" 200 25741
::1 - - [15/Mar/2018:10:35:32 -0400] "GET /facility/add HTTP/1.1" 200 24022
